<?xml version="1.0" encoding="UTF-8"?>
<!-- Generated by org.testng.reporters.JUnitXMLReporter -->
<testsuite ignored="4" hostname="NavneetSingh" failures="0" tests="6" name="GBT" time="299.602" errors="0" timestamp="2024-01-05T17:00:35 IST">
  <testcase classname="com.maantic.automation.tests.GBTDecisionTableTest2" name="getURL" time="0.032"/>
  <testcase classname="com.maantic.automation.tests.GBTDecisionTableTest2" name="Decision_Table" time="83.915"/>
  <testcase classname="com.maantic.automation.tests.GBTSLATest2" name="getURL" time="0.005"/>
  <testcase classname="com.maantic.automation.tests.GBTSLATest2" name="SLA" time="117.967"/>
  <testcase classname="com.maantic.automation.tests.GBTActivityTest2" name="getURL" time="0.002"/>
  <testcase classname="com.maantic.automation.tests.GBTActivityTest2" name="Activity" time="76.781"/>
  <testcase classname="com.maantic.automation.base.BasePage" name="@AfterSuite resultSheet" time="0.0">
    <ignored/>
  </testcase> <!-- @AfterSuite resultSheet -->
  <testcase classname="com.maantic.automation.base.BasePage" name="@AfterSuite resultSheet" time="0.0">
    <ignored/>
  </testcase> <!-- @AfterSuite resultSheet -->
  <testcase classname="com.maantic.automation.base.BasePage" name="@BeforeSuite getEnvironment" time="0.0">
    <ignored/>
  </testcase> <!-- @BeforeSuite getEnvironment -->
  <testcase classname="com.maantic.automation.base.BasePage" name="@BeforeSuite getEnvironment" time="0.0">
    <ignored/>
  </testcase> <!-- @BeforeSuite getEnvironment -->
</testsuite> <!-- GBT -->
